A51 MACRO ASSEMBLER  NULTIPLY                                                             08/15/2025 19:22:42 PAGE     1


MACRO ASSEMBLER A51 V8.2.7.0
OBJECT MODULE PLACED IN .\Objects\nultiply.obj
ASSEMBLER INVOKED BY: C:\Keil_v5\C51\BIN\A51.EXE nultiply.a51 SET(SMALL) DEBUG PRINT(.\Listings\nultiply.lst) OBJECT(.\O
                      bjects\nultiply.obj) EP

LOC  OBJ            LINE     SOURCE

0000                   1     ORG 0000H
0000 7412              2             MOV A , #12H ; FIRST NUMBER
0002 75F012            3             MOV B , #12H ; SECOND NUMBER 
0005 A4                4             MUL AB ; MULTIPLY AB 
0006 F556              5             MOV 56H , A ;LOWER BIT 
0008 85F055            6             MOV 55H , B ; UPPER BIT 
                       7             ; lets do again with different value 
000B 7410              8             MOV A , #10H ; FIRST NUMBER
000D 75F010            9             MOV B , #10H ; SECOND NUMBER 
0010 A4               10             MUL AB ; MULTIPLY AB 
0011 F556             11             MOV 56H , A ;LOWER BIT 
0013 85F055           12             MOV 55H , B ; UPPER BIT 
                      13             END
A51 MACRO ASSEMBLER  NULTIPLY                                                             08/15/2025 19:22:42 PAGE     2

SYMBOL TABLE LISTING
------ ----- -------


N A M E             T Y P E  V A L U E   ATTRIBUTES

B. . . . . . . . .  D ADDR   00F0H   A   


REGISTER BANK(S) USED: 0 


ASSEMBLY COMPLETE.  0 WARNING(S), 0 ERROR(S)
